<?xml version="1.0" encoding="UTF-8"?>
<!-- Generated by org.testng.reporters.JUnitReportReporter -->
<testsuite hostname="DESKTOP-NJBQ8IK" failures="0" tests="1" name="com.actitime.testscript.CreateCustomerModule" time="0.012" errors="0" timestamp="18 Dec 2021 07:36:25 GMT" skipped="0">
  <testcase classname="com.actitime.testscript.CreateCustomerModule" name="testCreateCustomer" time="0.012"/>
</testsuite> <!-- com.actitime.testscript.CreateCustomerModule -->
